Info: Starting: Create block symbol file (.bsf)
Info: qsys-generate C:\Users\Leeung\Projects\Information_Lab\ProjectSword\CustomNIOS.qsys --block-symbol-file --output-directory=C:\Users\Leeung\Projects\Information_Lab\ProjectSword\CustomNIOS --family="MAX 10" --part=10M50DAF484C7G
Progress: Loading ProjectSword/CustomNIOS.qsys
Progress: Reading input file
Progress: Adding Accelerometer_filter [Accelerometer_filter 1.0]
Progress: Parameterizing module Accelerometer_filter
Progress: Adding buttons [altera_avalon_pio 18.1]
Progress: Parameterizing module buttons
Progress: Adding clk [clock_source 18.1]
Progress: Parameterizing module clk
Progress: Adding cpu [altera_nios2_gen2 18.1]
Progress: Parameterizing module cpu
Progress: Adding jtag_uart [altera_avalon_jtag_uart 18.1]
Progress: Parameterizing module jtag_uart
Progress: Adding led [altera_avalon_pio 18.1]
Progress: Parameterizing module led
Progress: Adding onchip_memory [altera_avalon_onchip_memory2 18.1]
Progress: Parameterizing module onchip_memory
Progress: Adding timer [altera_avalon_timer 18.1]
Progress: Parameterizing module timer
Progress: Building connections
Progress: Parameterizing connections
Progress: Validating
Progress: Done reading input file
Info: CustomNIOS.buttons: PIO inputs are not hardwired in test bench. Undefined values will be read from PIO inputs during simulation.
Info: CustomNIOS.jtag_uart: JTAG UART IP input clock need to be at least double (2x) the operating frequency of JTAG TCK on board
Info: qsys-generate succeeded.
Info: Finished: Create block symbol file (.bsf)
Info: 
Info: Starting: Create HDL design files for synthesis
Info: qsys-generate C:\Users\Leeung\Projects\Information_Lab\ProjectSword\CustomNIOS.qsys --synthesis=VERILOG --output-directory=C:\Users\Leeung\Projects\Information_Lab\ProjectSword\CustomNIOS\synthesis --family="MAX 10" --part=10M50DAF484C7G
Progress: Loading ProjectSword/CustomNIOS.qsys
Progress: Reading input file
Progress: Adding Accelerometer_filter [Accelerometer_filter 1.0]
Progress: Parameterizing module Accelerometer_filter
Progress: Adding buttons [altera_avalon_pio 18.1]
Progress: Parameterizing module buttons
Progress: Adding clk [clock_source 18.1]
Progress: Parameterizing module clk
Progress: Adding cpu [altera_nios2_gen2 18.1]
Progress: Parameterizing module cpu
Progress: Adding jtag_uart [altera_avalon_jtag_uart 18.1]
Progress: Parameterizing module jtag_uart
Progress: Adding led [altera_avalon_pio 18.1]
Progress: Parameterizing module led
Progress: Adding onchip_memory [altera_avalon_onchip_memory2 18.1]
Progress: Parameterizing module onchip_memory
Progress: Adding timer [altera_avalon_timer 18.1]
Progress: Parameterizing module timer
Progress: Building connections
Progress: Parameterizing connections
Progress: Validating
Progress: Done reading input file
Info: CustomNIOS.buttons: PIO inputs are not hardwired in test bench. Undefined values will be read from PIO inputs during simulation.
Info: CustomNIOS.jtag_uart: JTAG UART IP input clock need to be at least double (2x) the operating frequency of JTAG TCK on board
Info: CustomNIOS: Generating CustomNIOS "CustomNIOS" for QUARTUS_SYNTH
Info: Accelerometer_filter: "CustomNIOS" instantiated Accelerometer_filter "Accelerometer_filter"
Info: buttons: Starting RTL generation for module 'CustomNIOS_buttons'
Info: buttons:   Generation command is [exec C:/intelfpga_lite/18.1/quartus/bin64/perl/bin/perl.exe -I C:/intelfpga_lite/18.1/quartus/bin64/perl/lib -I C:/intelfpga_lite/18.1/quartus/sopc_builder/bin/europa -I C:/intelfpga_lite/18.1/quartus/sopc_builder/bin/perl_lib -I C:/intelfpga_lite/18.1/quartus/sopc_builder/bin -I C:/intelfpga_lite/18.1/quartus/../ip/altera/sopc_builder_ip/common -I C:/intelfpga_lite/18.1/quartus/../ip/altera/sopc_builder_ip/altera_avalon_pio -- C:/intelfpga_lite/18.1/quartus/../ip/altera/sopc_builder_ip/altera_avalon_pio/generate_rtl.pl --name=CustomNIOS_buttons --dir=C:/Users/Leeung/AppData/Local/Temp/alt0158_5024524680632455097.dir/0003_buttons_gen/ --quartus_dir=C:/intelfpga_lite/18.1/quartus --verilog --config=C:/Users/Leeung/AppData/Local/Temp/alt0158_5024524680632455097.dir/0003_buttons_gen//CustomNIOS_buttons_component_configuration.pl  --do_build_sim=0  ]
Info: buttons: Done RTL generation for module 'CustomNIOS_buttons'
Info: buttons: "CustomNIOS" instantiated altera_avalon_pio "buttons"
Info: cpu: "CustomNIOS" instantiated altera_nios2_gen2 "cpu"
Info: jtag_uart: Starting RTL generation for module 'CustomNIOS_jtag_uart'
Info: jtag_uart:   Generation command is [exec C:/intelfpga_lite/18.1/quartus/bin64/perl/bin/perl.exe -I C:/intelfpga_lite/18.1/quartus/bin64/perl/lib -I C:/intelfpga_lite/18.1/quartus/sopc_builder/bin/europa -I C:/intelfpga_lite/18.1/quartus/sopc_builder/bin/perl_lib -I C:/intelfpga_lite/18.1/quartus/sopc_builder/bin -I C:/intelfpga_lite/18.1/quartus/../ip/altera/sopc_builder_ip/common -I C:/intelfpga_lite/18.1/quartus/../ip/altera/sopc_builder_ip/altera_avalon_jtag_uart -- C:/intelfpga_lite/18.1/quartus/../ip/altera/sopc_builder_ip/altera_avalon_jtag_uart/generate_rtl.pl --name=CustomNIOS_jtag_uart --dir=C:/Users/Leeung/AppData/Local/Temp/alt0158_5024524680632455097.dir/0004_jtag_uart_gen/ --quartus_dir=C:/intelfpga_lite/18.1/quartus --verilog --config=C:/Users/Leeung/AppData/Local/Temp/alt0158_5024524680632455097.dir/0004_jtag_uart_gen//CustomNIOS_jtag_uart_component_configuration.pl  --do_build_sim=0  ]
Info: jtag_uart: Done RTL generation for module 'CustomNIOS_jtag_uart'
Info: jtag_uart: "CustomNIOS" instantiated altera_avalon_jtag_uart "jtag_uart"
Info: led: Starting RTL generation for module 'CustomNIOS_led'
Info: led:   Generation command is [exec C:/intelfpga_lite/18.1/quartus/bin64/perl/bin/perl.exe -I C:/intelfpga_lite/18.1/quartus/bin64/perl/lib -I C:/intelfpga_lite/18.1/quartus/sopc_builder/bin/europa -I C:/intelfpga_lite/18.1/quartus/sopc_builder/bin/perl_lib -I C:/intelfpga_lite/18.1/quartus/sopc_builder/bin -I C:/intelfpga_lite/18.1/quartus/../ip/altera/sopc_builder_ip/common -I C:/intelfpga_lite/18.1/quartus/../ip/altera/sopc_builder_ip/altera_avalon_pio -- C:/intelfpga_lite/18.1/quartus/../ip/altera/sopc_builder_ip/altera_avalon_pio/generate_rtl.pl --name=CustomNIOS_led --dir=C:/Users/Leeung/AppData/Local/Temp/alt0158_5024524680632455097.dir/0005_led_gen/ --quartus_dir=C:/intelfpga_lite/18.1/quartus --verilog --config=C:/Users/Leeung/AppData/Local/Temp/alt0158_5024524680632455097.dir/0005_led_gen//CustomNIOS_led_component_configuration.pl  --do_build_sim=0  ]
Info: led: Done RTL generation for module 'CustomNIOS_led'
Info: led: "CustomNIOS" instantiated altera_avalon_pio "led"
Info: onchip_memory: Starting RTL generation for module 'CustomNIOS_onchip_memory'
Info: onchip_memory:   Generation command is [exec C:/intelfpga_lite/18.1/quartus/bin64/perl/bin/perl.exe -I C:/intelfpga_lite/18.1/quartus/bin64/perl/lib -I C:/intelfpga_lite/18.1/quartus/sopc_builder/bin/europa -I C:/intelfpga_lite/18.1/quartus/sopc_builder/bin/perl_lib -I C:/intelfpga_lite/18.1/quartus/sopc_builder/bin -I C:/intelfpga_lite/18.1/quartus/../ip/altera/sopc_builder_ip/common -I C:/intelfpga_lite/18.1/quartus/../ip/altera/sopc_builder_ip/altera_avalon_onchip_memory2 -- C:/intelfpga_lite/18.1/quartus/../ip/altera/sopc_builder_ip/altera_avalon_onchip_memory2/generate_rtl.pl --name=CustomNIOS_onchip_memory --dir=C:/Users/Leeung/AppData/Local/Temp/alt0158_5024524680632455097.dir/0006_onchip_memory_gen/ --quartus_dir=C:/intelfpga_lite/18.1/quartus --verilog --config=C:/Users/Leeung/AppData/Local/Temp/alt0158_5024524680632455097.dir/0006_onchip_memory_gen//CustomNIOS_onchip_memory_component_configuration.pl  --do_build_sim=0  ]
Info: onchip_memory: Done RTL generation for module 'CustomNIOS_onchip_memory'
Info: onchip_memory: "CustomNIOS" instantiated altera_avalon_onchip_memory2 "onchip_memory"
Info: timer: Starting RTL generation for module 'CustomNIOS_timer'
Info: timer:   Generation command is [exec C:/intelFPGA_lite/18.1/quartus/bin64//perl/bin/perl.exe -I C:/intelFPGA_lite/18.1/quartus/bin64//perl/lib -I C:/intelfpga_lite/18.1/quartus/sopc_builder/bin/europa -I C:/intelfpga_lite/18.1/quartus/sopc_builder/bin/perl_lib -I C:/intelfpga_lite/18.1/quartus/sopc_builder/bin -I C:/intelfpga_lite/18.1/quartus/../ip/altera/sopc_builder_ip/common -I C:/intelfpga_lite/18.1/quartus/../ip/altera/sopc_builder_ip/altera_avalon_timer -- C:/intelfpga_lite/18.1/quartus/../ip/altera/sopc_builder_ip/altera_avalon_timer/generate_rtl.pl --name=CustomNIOS_timer --dir=C:/Users/Leeung/AppData/Local/Temp/alt0158_5024524680632455097.dir/0007_timer_gen/ --quartus_dir=C:/intelfpga_lite/18.1/quartus --verilog --config=C:/Users/Leeung/AppData/Local/Temp/alt0158_5024524680632455097.dir/0007_timer_gen//CustomNIOS_timer_component_configuration.pl  --do_build_sim=0  ]
Info: timer: Done RTL generation for module 'CustomNIOS_timer'
Info: timer: "CustomNIOS" instantiated altera_avalon_timer "timer"
Info: avalon_st_adapter: Inserting error_adapter: error_adapter_0
Info: avalon_st_adapter_001: Inserting error_adapter: error_adapter_0
Info: avalon_st_adapter_002: Inserting error_adapter: error_adapter_0
Info: avalon_st_adapter_003: Inserting error_adapter: error_adapter_0
Info: avalon_st_adapter_004: Inserting error_adapter: error_adapter_0
Info: avalon_st_adapter_005: Inserting error_adapter: error_adapter_0
Info: avalon_st_adapter_006: Inserting error_adapter: error_adapter_0
Info: mm_interconnect_0: "CustomNIOS" instantiated altera_mm_interconnect "mm_interconnect_0"
Info: irq_mapper: "CustomNIOS" instantiated altera_irq_mapper "irq_mapper"
Info: rst_controller: "CustomNIOS" instantiated altera_reset_controller "rst_controller"
Info: cpu: Starting RTL generation for module 'CustomNIOS_cpu_cpu'
Info: cpu:   Generation command is [exec C:/intelFPGA_lite/18.1/quartus/bin64//eperlcmd.exe -I C:/intelFPGA_lite/18.1/quartus/bin64//perl/lib -I C:/intelfpga_lite/18.1/quartus/sopc_builder/bin/europa -I C:/intelfpga_lite/18.1/quartus/sopc_builder/bin/perl_lib -I C:/intelfpga_lite/18.1/quartus/sopc_builder/bin -I C:/intelfpga_lite/18.1/quartus/../ip/altera/nios2_ip/altera_nios2_gen2/cpu_lib -I C:/intelfpga_lite/18.1/quartus/../ip/altera/nios2_ip/altera_nios2_gen2/nios_lib -I C:/intelfpga_lite/18.1/quartus/../ip/altera/nios2_ip/altera_nios2_gen2 -I C:/intelfpga_lite/18.1/quartus/../ip/altera/nios2_ip/altera_nios2_gen2 -- C:/intelfpga_lite/18.1/quartus/../ip/altera/nios2_ip/altera_nios2_gen2/generate_rtl.epl --name=CustomNIOS_cpu_cpu --dir=C:/Users/Leeung/AppData/Local/Temp/alt0158_5024524680632455097.dir/0010_cpu_gen/ --quartus_bindir=C:/intelFPGA_lite/18.1/quartus/bin64/ --verilog --config=C:/Users/Leeung/AppData/Local/Temp/alt0158_5024524680632455097.dir/0010_cpu_gen//CustomNIOS_cpu_cpu_processor_configuration.pl  --do_build_sim=0  ]
Info: cpu: # 2025.03.11 18:25:59 (*) Starting Nios II generation
Info: cpu: # 2025.03.11 18:25:59 (*)   Checking for plaintext license.
Info: cpu: # 2025.03.11 18:25:59 (*)   Couldn't query license setup in Quartus directory C:/intelFPGA_lite/18.1/quartus/bin64/
Info: cpu: # 2025.03.11 18:25:59 (*)   Defaulting to contents of LM_LICENSE_FILE environment variable
Info: cpu: # 2025.03.11 18:25:59 (*)   LM_LICENSE_FILE environment variable is empty
Info: cpu: # 2025.03.11 18:25:59 (*)   Plaintext license not found.
Info: cpu: # 2025.03.11 18:25:59 (*)   No license required to generate encrypted Nios II/e.
Info: cpu: # 2025.03.11 18:25:59 (*)   Elaborating CPU configuration settings
Info: cpu: # 2025.03.11 18:25:59 (*)   Creating all objects for CPU
Info: cpu: # 2025.03.11 18:26:00 (*)   Generating RTL from CPU objects
Info: cpu: # 2025.03.11 18:26:00 (*)   Creating plain-text RTL
Info: cpu: # 2025.03.11 18:26:00 (*) Done Nios II generation
Info: cpu: Done RTL generation for module 'CustomNIOS_cpu_cpu'
Info: cpu: "cpu" instantiated altera_nios2_gen2_unit "cpu"
Info: cpu_data_master_translator: "mm_interconnect_0" instantiated altera_merlin_master_translator "cpu_data_master_translator"
Info: jtag_uart_avalon_jtag_slave_translator: "mm_interconnect_0" instantiated altera_merlin_slave_translator "jtag_uart_avalon_jtag_slave_translator"
Info: cpu_data_master_agent: "mm_interconnect_0" instantiated altera_merlin_master_agent "cpu_data_master_agent"
Info: jtag_uart_avalon_jtag_slave_agent: "mm_interconnect_0" instantiated altera_merlin_slave_agent "jtag_uart_avalon_jtag_slave_agent"
Info: jtag_uart_avalon_jtag_slave_agent_rsp_fifo: "mm_interconnect_0" instantiated altera_avalon_sc_fifo "jtag_uart_avalon_jtag_slave_agent_rsp_fifo"
Info: router: "mm_interconnect_0" instantiated altera_merlin_router "router"
Info: router_001: "mm_interconnect_0" instantiated altera_merlin_router "router_001"
Info: router_002: "mm_interconnect_0" instantiated altera_merlin_router "router_002"
Info: router_004: "mm_interconnect_0" instantiated altera_merlin_router "router_004"
Info: cmd_demux: "mm_interconnect_0" instantiated altera_merlin_demultiplexer "cmd_demux"
Info: cmd_demux_001: "mm_interconnect_0" instantiated altera_merlin_demultiplexer "cmd_demux_001"
Info: cmd_mux: "mm_interconnect_0" instantiated altera_merlin_multiplexer "cmd_mux"
Info: cmd_mux_002: "mm_interconnect_0" instantiated altera_merlin_multiplexer "cmd_mux_002"
Info: Reusing file C:/Users/Leeung/Projects/Information_Lab/ProjectSword/CustomNIOS/synthesis/submodules/altera_merlin_arbitrator.sv
Info: rsp_demux: "mm_interconnect_0" instantiated altera_merlin_demultiplexer "rsp_demux"
Info: rsp_mux: "mm_interconnect_0" instantiated altera_merlin_multiplexer "rsp_mux"
Info: Reusing file C:/Users/Leeung/Projects/Information_Lab/ProjectSword/CustomNIOS/synthesis/submodules/altera_merlin_arbitrator.sv
Info: rsp_mux_001: "mm_interconnect_0" instantiated altera_merlin_multiplexer "rsp_mux_001"
Info: Reusing file C:/Users/Leeung/Projects/Information_Lab/ProjectSword/CustomNIOS/synthesis/submodules/altera_merlin_arbitrator.sv
Info: avalon_st_adapter: "mm_interconnect_0" instantiated altera_avalon_st_adapter "avalon_st_adapter"
Info: error_adapter_0: "avalon_st_adapter" instantiated error_adapter "error_adapter_0"
Info: CustomNIOS: Done "CustomNIOS" with 30 modules, 42 files
Info: qsys-generate succeeded.
Info: Finished: Create HDL design files for synthesis
