Flow report for Sword_Game_top
Fri Mar 21 17:51:35 2025
Quartus Prime Version 18.1.0 Build 625 09/12/2018 SJ Lite Edition


---------------------
; Table of Contents ;
---------------------
  1. Legal Notice
  2. Flow Summary
  3. Flow Settings
  4. Flow Non-Default Global Settings
  5. Flow Elapsed Time
  6. Flow OS Summary
  7. Flow Log
  8. Flow Messages
  9. Flow Suppressed Messages



----------------
; Legal Notice ;
----------------
Copyright (C) 2018  Intel Corporation. All rights reserved.
Your use of Intel Corporation's design tools, logic functions 
and other software and tools, and its AMPP partner logic 
functions, and any output files from any of the foregoing 
(including device programming or simulation files), and any 
associated documentation or information are expressly subject 
to the terms and conditions of the Intel Program License 
Subscription Agreement, the Intel Quartus Prime License Agreement,
the Intel FPGA IP License Agreement, or other applicable license
agreement, including, without limitation, that your use is for
the sole purpose of programming logic devices manufactured by
Intel and sold by Intel or its authorized distributors.  Please
refer to the applicable agreement for further details.



+----------------------------------------------------------------------------------+
; Flow Summary                                                                     ;
+------------------------------------+---------------------------------------------+
; Flow Status                        ; Successful - Fri Mar 21 17:51:35 2025       ;
; Quartus Prime Version              ; 18.1.0 Build 625 09/12/2018 SJ Lite Edition ;
; Revision Name                      ; Sword_Game_top                              ;
; Top-level Entity Name              ; accelerometer_top                           ;
; Family                             ; MAX 10                                      ;
; Device                             ; 10M50DAF484C7G                              ;
; Timing Models                      ; Final                                       ;
; Total logic elements               ; 23,799 / 49,760 ( 48 % )                    ;
;     Total combinational functions  ; 22,946 / 49,760 ( 46 % )                    ;
;     Dedicated logic registers      ; 4,347 / 49,760 ( 9 % )                      ;
; Total registers                    ; 4347                                        ;
; Total pins                         ; 79 / 360 ( 22 % )                           ;
; Total virtual pins                 ; 0                                           ;
; Total memory bits                  ; 535,552 / 1,677,312 ( 32 % )                ;
; Embedded Multiplier 9-bit elements ; 0 / 288 ( 0 % )                             ;
; Total PLLs                         ; 1 / 4 ( 25 % )                              ;
; UFM blocks                         ; 0 / 1 ( 0 % )                               ;
; ADC blocks                         ; 0 / 2 ( 0 % )                               ;
+------------------------------------+---------------------------------------------+


+-----------------------------------------+
; Flow Settings                           ;
+-------------------+---------------------+
; Option            ; Setting             ;
+-------------------+---------------------+
; Start date & time ; 03/21/2025 17:47:26 ;
; Main task         ; Compilation         ;
; Revision Name     ; Sword_Game_top      ;
+-------------------+---------------------+


+-------------------------------------------------------------------------------------------------------------------------------------+
; Flow Non-Default Global Settings                                                                                                    ;
+--------------------------------------+----------------------------------------+----------------+-------------------+----------------+
; Assignment Name                      ; Value                                  ; Default Value  ; Entity Name       ; Section Id     ;
+--------------------------------------+----------------------------------------+----------------+-------------------+----------------+
; COMPILER_SIGNATURE_ID                ; 91760330931.174257924653880            ; --             ; --                ; --             ;
; EDA_DESIGN_INSTANCE_NAME             ; NA                                     ; --             ; --                ; tb_top         ;
; EDA_NATIVELINK_SIMULATION_TEST_BENCH ; tb_top                                 ; --             ; --                ; eda_simulation ;
; EDA_OUTPUT_DATA_FORMAT               ; Systemverilog Hdl                      ; --             ; --                ; eda_simulation ;
; EDA_SIMULATION_TOOL                  ; QuestaSim (SystemVerilog)              ; <None>         ; --                ; --             ;
; EDA_TEST_BENCH_ENABLE_STATUS         ; TEST_BENCH_MODE                        ; --             ; --                ; eda_simulation ;
; EDA_TEST_BENCH_FILE                  ; tb_Sword_Game_top.sv                   ; --             ; --                ; tb_top         ;
; EDA_TEST_BENCH_MODULE_NAME           ; tb_top                                 ; --             ; --                ; tb_top         ;
; EDA_TEST_BENCH_NAME                  ; tb_top                                 ; --             ; --                ; eda_simulation ;
; EDA_TIME_SCALE                       ; 1 ps                                   ; --             ; --                ; eda_simulation ;
; MAX_CORE_JUNCTION_TEMP               ; 85                                     ; --             ; --                ; --             ;
; MIN_CORE_JUNCTION_TEMP               ; 0                                      ; --             ; --                ; --             ;
; MISC_FILE                            ; pll_inst_bb.v                          ; --             ; --                ; --             ;
; MISC_FILE                            ; pll_inst.ppf                           ; --             ; --                ; --             ;
; PARTITION_COLOR                      ; -- (Not supported for targeted family) ; --             ; accelerometer_top ; Top            ;
; PARTITION_FITTER_PRESERVATION_LEVEL  ; -- (Not supported for targeted family) ; --             ; accelerometer_top ; Top            ;
; PARTITION_NETLIST_TYPE               ; -- (Not supported for targeted family) ; --             ; accelerometer_top ; Top            ;
; POWER_BOARD_THERMAL_MODEL            ; None (CONSERVATIVE)                    ; --             ; --                ; --             ;
; POWER_PRESET_COOLING_SOLUTION        ; 23 MM HEAT SINK WITH 200 LFPM AIRFLOW  ; --             ; --                ; --             ;
; PROJECT_OUTPUT_DIRECTORY             ; output_files                           ; --             ; --                ; --             ;
; TOP_LEVEL_ENTITY                     ; accelerometer_top                      ; Sword_Game_top ; --                ; --             ;
+--------------------------------------+----------------------------------------+----------------+-------------------+----------------+


+--------------------------------------------------------------------------------------------------------------------------+
; Flow Elapsed Time                                                                                                        ;
+----------------------+--------------+-------------------------+---------------------+------------------------------------+
; Module Name          ; Elapsed Time ; Average Processors Used ; Peak Virtual Memory ; Total CPU Time (on all processors) ;
+----------------------+--------------+-------------------------+---------------------+------------------------------------+
; Analysis & Synthesis ; 00:02:44     ; 1.0                     ; 5257 MB             ; 00:02:50                           ;
; Fitter               ; 00:00:54     ; 2.3                     ; 6619 MB             ; 00:03:02                           ;
; Assembler            ; 00:00:03     ; 1.0                     ; 4767 MB             ; 00:00:04                           ;
; Timing Analyzer      ; 00:00:08     ; 5.5                     ; 5132 MB             ; 00:00:37                           ;
; EDA Netlist Writer   ; 00:00:05     ; 1.0                     ; 4873 MB             ; 00:00:05                           ;
; Total                ; 00:03:54     ; --                      ; --                  ; 00:06:38                           ;
+----------------------+--------------+-------------------------+---------------------+------------------------------------+


+------------------------------------------------------------------------------------+
; Flow OS Summary                                                                    ;
+----------------------+------------------+------------+------------+----------------+
; Module Name          ; Machine Hostname ; OS Name    ; OS Version ; Processor type ;
+----------------------+------------------+------------+------------+----------------+
; Analysis & Synthesis ; MSI              ; Windows 10 ; 10.0       ; x86_64         ;
; Fitter               ; MSI              ; Windows 10 ; 10.0       ; x86_64         ;
; Assembler            ; MSI              ; Windows 10 ; 10.0       ; x86_64         ;
; Timing Analyzer      ; MSI              ; Windows 10 ; 10.0       ; x86_64         ;
; EDA Netlist Writer   ; MSI              ; Windows 10 ; 10.0       ; x86_64         ;
+----------------------+------------------+------------+------------+----------------+


------------
; Flow Log ;
------------
quartus_map --read_settings_files=on --write_settings_files=off Sword_Game -c Sword_Game_top
quartus_fit --read_settings_files=off --write_settings_files=off Sword_Game -c Sword_Game_top
quartus_asm --read_settings_files=off --write_settings_files=off Sword_Game -c Sword_Game_top
quartus_sta Sword_Game -c Sword_Game_top
quartus_eda --read_settings_files=off --write_settings_files=off Sword_Game -c Sword_Game_top



